<?xml version="1.0" encoding="UTF-8"?>
<!-- Generated by org.testng.reporters.JUnitReportReporter -->
<testsuite skipped="0" hostname="BDC6-DX-9ZDG882" name="first.case1" tests="3" failures="0" timestamp="13 Jun 2019 05:34:48 GMT" time="0.013" errors="0">
  <testcase name="c" time="0.007" classname="first.case1"/>
  <testcase name="b" time="0.001" classname="first.case1"/>
  <testcase name="a" time="0.005" classname="first.case1"/>
</testsuite> <!-- first.case1 -->
