<?xml version="1.0" encoding="UTF-8"?>
<!-- Generated by org.testng.reporters.JUnitReportReporter -->
<testsuite skipped="0" hostname="BDC6-DX-9ZDG882" name="first.NewTest" tests="2" failures="0" timestamp="13 Jun 2019 05:34:48 GMT" time="0.006" errors="0">
  <testcase name="P" time="0.003" classname="first.NewTest"/>
  <testcase name="G" time="0.003" classname="first.NewTest"/>
</testsuite> <!-- first.NewTest -->
