<?xml version="1.0" encoding="UTF-8"?>
<!-- Generated by org.testng.reporters.JUnitReportReporter -->
<testsuite skipped="0" hostname="BDC6-DX-9ZDG882" name="second.second" tests="3" failures="0" timestamp="12 Jun 2019 11:26:18 GMT" time="0.016" errors="0">
  <testcase name="z" time="0.008" classname="second.second"/>
  <testcase name="y" time="0.003" classname="second.second"/>
  <testcase name="x" time="0.005" classname="second.second"/>
</testsuite> <!-- second.second -->
