<?xml version="1.0" encoding="UTF-8"?>
<!-- Generated by org.testng.reporters.JUnitReportReporter -->
<testsuite skipped="0" hostname="BDC6-DX-9ZDG882" name="first.DATA" tests="3" failures="0" timestamp="13 Jun 2019 04:56:45 GMT" time="0.021" errors="0">
  <testcase name="testdata" time="0.013" classname="first.DATA"/>
  <testcase name="testdata" time="0.001" classname="first.DATA"/>
  <testcase name="testdata" time="0.007" classname="first.DATA"/>
</testsuite> <!-- first.DATA -->
